<?xml version="1.0" encoding="UTF-8"?>
<testsuite xmlns:xsi="http://www.w3.org/2001/XMLSchema-instance" xsi:noNamespaceSchemaLocation="https://maven.apache.org/surefire/maven-surefire-plugin/xsd/surefire-test-report-3.0.xsd" version="3.0" name="VertxContextTest" time="5.991" tests="6" errors="0" skipped="0" failures="0">
  <properties>
    <property name="java.specification.version" value="17"/>
    <property name="sun.jnu.encoding" value="UTF-8"/>
    <property name="java.class.path" value="/home/ddalto/workspace/hr-1276/target/test-classes:/home/ddalto/workspace/hr-1276/target/classes:/home/ddalto/.m2/repository/ch/vorburger/mariaDB4j/mariaDB4j/2.5.3/mariaDB4j-2.5.3.jar:/home/ddalto/.m2/repository/ch/vorburger/mariaDB4j/mariaDB4j-core/2.5.3/mariaDB4j-core-2.5.3.jar:/home/ddalto/.m2/repository/jakarta/annotation/jakarta.annotation-api/1.3.5/jakarta.annotation-api-1.3.5.jar:/home/ddalto/.m2/repository/org/slf4j/slf4j-api/1.7.32/slf4j-api-1.7.32.jar:/home/ddalto/.m2/repository/ch/vorburger/exec/exec/3.1.3/exec-3.1.3.jar:/home/ddalto/.m2/repository/org/apache/commons/commons-exec/1.3/commons-exec-1.3.jar:/home/ddalto/.m2/repository/org/apache/commons/commons-collections4/4.4/commons-collections4-4.4.jar:/home/ddalto/.m2/repository/org/apache/commons/commons-lang3/3.12.0/commons-lang3-3.12.0.jar:/home/ddalto/.m2/repository/commons-io/commons-io/2.11.0/commons-io-2.11.0.jar:/home/ddalto/.m2/repository/org/springframework/spring-core/5.3.13/spring-core-5.3.13.jar:/home/ddalto/.m2/repository/org/springframework/spring-jcl/5.3.13/spring-jcl-5.3.13.jar:/home/ddalto/.m2/repository/ch/vorburger/mariaDB4j/mariaDB4j-db-linux64/10.2.11/mariaDB4j-db-linux64-10.2.11.jar:/home/ddalto/.m2/repository/ch/vorburger/mariaDB4j/mariaDB4j-db-win32/10.2.11/mariaDB4j-db-win32-10.2.11.jar:/home/ddalto/.m2/repository/ch/vorburger/mariaDB4j/mariaDB4j-db-mac64/10.2.11/mariaDB4j-db-mac64-10.2.11.jar:/home/ddalto/.m2/repository/io/vertx/vertx-mysql-client/4.2.7/vertx-mysql-client-4.2.7.jar:/home/ddalto/.m2/repository/io/vertx/vertx-core/4.2.7/vertx-core-4.2.7.jar:/home/ddalto/.m2/repository/io/netty/netty-common/4.1.74.Final/netty-common-4.1.74.Final.jar:/home/ddalto/.m2/repository/io/netty/netty-buffer/4.1.74.Final/netty-buffer-4.1.74.Final.jar:/home/ddalto/.m2/repository/io/netty/netty-transport/4.1.74.Final/netty-transport-4.1.74.Final.jar:/home/ddalto/.m2/repository/io/netty/netty-handler/4.1.74.Final/netty-handler-4.1.74.Final.jar:/home/ddalto/.m2/repository/io/netty/netty-codec/4.1.74.Final/netty-codec-4.1.74.Final.jar:/home/ddalto/.m2/repository/io/netty/netty-tcnative-classes/2.0.48.Final/netty-tcnative-classes-2.0.48.Final.jar:/home/ddalto/.m2/repository/io/netty/netty-handler-proxy/4.1.74.Final/netty-handler-proxy-4.1.74.Final.jar:/home/ddalto/.m2/repository/io/netty/netty-codec-socks/4.1.74.Final/netty-codec-socks-4.1.74.Final.jar:/home/ddalto/.m2/repository/io/netty/netty-codec-http/4.1.74.Final/netty-codec-http-4.1.74.Final.jar:/home/ddalto/.m2/repository/io/netty/netty-codec-http2/4.1.74.Final/netty-codec-http2-4.1.74.Final.jar:/home/ddalto/.m2/repository/io/netty/netty-resolver/4.1.74.Final/netty-resolver-4.1.74.Final.jar:/home/ddalto/.m2/repository/io/netty/netty-resolver-dns/4.1.74.Final/netty-resolver-dns-4.1.74.Final.jar:/home/ddalto/.m2/repository/io/netty/netty-codec-dns/4.1.74.Final/netty-codec-dns-4.1.74.Final.jar:/home/ddalto/.m2/repository/com/fasterxml/jackson/core/jackson-core/2.13.2/jackson-core-2.13.2.jar:/home/ddalto/.m2/repository/io/vertx/vertx-sql-client/4.2.7/vertx-sql-client-4.2.7.jar:/home/ddalto/.m2/repository/org/hibernate/reactive/hibernate-reactive-core/1.1.4.Final/hibernate-reactive-core-1.1.4.Final.jar:/home/ddalto/.m2/repository/org/hibernate/hibernate-core/5.6.7.Final/hibernate-core-5.6.7.Final.jar:/home/ddalto/.m2/repository/javax/persistence/javax.persistence-api/2.2/javax.persistence-api-2.2.jar:/home/ddalto/.m2/repository/net/bytebuddy/byte-buddy/1.12.8/byte-buddy-1.12.8.jar:/home/ddalto/.m2/repository/antlr/antlr/2.7.7/antlr-2.7.7.jar:/home/ddalto/.m2/repository/org/jboss/spec/javax/transaction/jboss-transaction-api_1.2_spec/1.1.1.Final/jboss-transaction-api_1.2_spec-1.1.1.Final.jar:/home/ddalto/.m2/repository/org/jboss/jandex/2.4.2.Final/jandex-2.4.2.Final.jar:/home/ddalto/.m2/repository/com/fasterxml/classmate/1.5.1/classmate-1.5.1.jar:/home/ddalto/.m2/repository/org/hibernate/common/hibernate-commons-annotations/5.1.2.Final/hibernate-commons-annotations-5.1.2.Final.jar:/home/ddalto/.m2/repository/javax/xml/bind/jaxb-api/2.3.1/jaxb-api-2.3.1.jar:/home/ddalto/.m2/repository/org/glassfish/jaxb/jaxb-runtime/2.3.1/jaxb-runtime-2.3.1.jar:/home/ddalto/.m2/repository/org/glassfish/jaxb/txw2/2.3.1/txw2-2.3.1.jar:/home/ddalto/.m2/repository/com/sun/istack/istack-commons-runtime/3.0.7/istack-commons-runtime-3.0.7.jar:/home/ddalto/.m2/repository/org/jvnet/staxex/stax-ex/1.8/stax-ex-1.8.jar:/home/ddalto/.m2/repository/com/sun/xml/fastinfoset/FastInfoset/1.2.15/FastInfoset-1.2.15.jar:/home/ddalto/.m2/repository/io/smallrye/reactive/mutiny/1.4.0/mutiny-1.4.0.jar:/home/ddalto/.m2/repository/io/smallrye/common/smallrye-common-annotation/1.10.0/smallrye-common-annotation-1.10.0.jar:/home/ddalto/.m2/repository/org/jboss/logging/jboss-logging/3.4.3.Final/jboss-logging-3.4.3.Final.jar:/home/ddalto/.m2/repository/io/projectreactor/reactor-core/3.4.17/reactor-core-3.4.17.jar:/home/ddalto/.m2/repository/org/reactivestreams/reactive-streams/1.0.3/reactive-streams-1.0.3.jar:/home/ddalto/.m2/repository/io/projectreactor/reactor-test/3.4.17/reactor-test-3.4.17.jar:/home/ddalto/.m2/repository/org/junit/jupiter/junit-jupiter/5.8.2/junit-jupiter-5.8.2.jar:/home/ddalto/.m2/repository/org/junit/jupiter/junit-jupiter-api/5.8.2/junit-jupiter-api-5.8.2.jar:/home/ddalto/.m2/repository/org/opentest4j/opentest4j/1.2.0/opentest4j-1.2.0.jar:/home/ddalto/.m2/repository/org/junit/platform/junit-platform-commons/1.8.2/junit-platform-commons-1.8.2.jar:/home/ddalto/.m2/repository/org/apiguardian/apiguardian-api/1.1.2/apiguardian-api-1.1.2.jar:/home/ddalto/.m2/repository/org/junit/jupiter/junit-jupiter-params/5.8.2/junit-jupiter-params-5.8.2.jar:/home/ddalto/.m2/repository/org/junit/jupiter/junit-jupiter-engine/5.8.2/junit-jupiter-engine-5.8.2.jar:/home/ddalto/.m2/repository/org/junit/platform/junit-platform-engine/1.8.2/junit-platform-engine-1.8.2.jar:"/>
    <property name="java.vm.vendor" value="Eclipse Adoptium"/>
    <property name="sun.arch.data.model" value="64"/>
    <property name="java.vendor.url" value="https://adoptium.net/"/>
    <property name="user.timezone" value="Europe/London"/>
    <property name="os.name" value="Linux"/>
    <property name="java.vm.specification.version" value="17"/>
    <property name="sun.java.launcher" value="SUN_STANDARD"/>
    <property name="user.country" value="GB"/>
    <property name="sun.boot.library.path" value="/home/ddalto/.sdkman/candidates/java/17.0.2-tem/lib"/>
    <property name="sun.java.command" value="/home/ddalto/workspace/hr-1276/target/surefire/surefirebooter2782192502191332872.jar /home/ddalto/workspace/hr-1276/target/surefire 2022-05-05T18-47-59_342-jvmRun1 surefire6543415925799646010tmp surefire_08111774573170472936tmp"/>
    <property name="jdk.debug" value="release"/>
    <property name="surefire.test.class.path" value="/home/ddalto/workspace/hr-1276/target/test-classes:/home/ddalto/workspace/hr-1276/target/classes:/home/ddalto/.m2/repository/ch/vorburger/mariaDB4j/mariaDB4j/2.5.3/mariaDB4j-2.5.3.jar:/home/ddalto/.m2/repository/ch/vorburger/mariaDB4j/mariaDB4j-core/2.5.3/mariaDB4j-core-2.5.3.jar:/home/ddalto/.m2/repository/jakarta/annotation/jakarta.annotation-api/1.3.5/jakarta.annotation-api-1.3.5.jar:/home/ddalto/.m2/repository/org/slf4j/slf4j-api/1.7.32/slf4j-api-1.7.32.jar:/home/ddalto/.m2/repository/ch/vorburger/exec/exec/3.1.3/exec-3.1.3.jar:/home/ddalto/.m2/repository/org/apache/commons/commons-exec/1.3/commons-exec-1.3.jar:/home/ddalto/.m2/repository/org/apache/commons/commons-collections4/4.4/commons-collections4-4.4.jar:/home/ddalto/.m2/repository/org/apache/commons/commons-lang3/3.12.0/commons-lang3-3.12.0.jar:/home/ddalto/.m2/repository/commons-io/commons-io/2.11.0/commons-io-2.11.0.jar:/home/ddalto/.m2/repository/org/springframework/spring-core/5.3.13/spring-core-5.3.13.jar:/home/ddalto/.m2/repository/org/springframework/spring-jcl/5.3.13/spring-jcl-5.3.13.jar:/home/ddalto/.m2/repository/ch/vorburger/mariaDB4j/mariaDB4j-db-linux64/10.2.11/mariaDB4j-db-linux64-10.2.11.jar:/home/ddalto/.m2/repository/ch/vorburger/mariaDB4j/mariaDB4j-db-win32/10.2.11/mariaDB4j-db-win32-10.2.11.jar:/home/ddalto/.m2/repository/ch/vorburger/mariaDB4j/mariaDB4j-db-mac64/10.2.11/mariaDB4j-db-mac64-10.2.11.jar:/home/ddalto/.m2/repository/io/vertx/vertx-mysql-client/4.2.7/vertx-mysql-client-4.2.7.jar:/home/ddalto/.m2/repository/io/vertx/vertx-core/4.2.7/vertx-core-4.2.7.jar:/home/ddalto/.m2/repository/io/netty/netty-common/4.1.74.Final/netty-common-4.1.74.Final.jar:/home/ddalto/.m2/repository/io/netty/netty-buffer/4.1.74.Final/netty-buffer-4.1.74.Final.jar:/home/ddalto/.m2/repository/io/netty/netty-transport/4.1.74.Final/netty-transport-4.1.74.Final.jar:/home/ddalto/.m2/repository/io/netty/netty-handler/4.1.74.Final/netty-handler-4.1.74.Final.jar:/home/ddalto/.m2/repository/io/netty/netty-codec/4.1.74.Final/netty-codec-4.1.74.Final.jar:/home/ddalto/.m2/repository/io/netty/netty-tcnative-classes/2.0.48.Final/netty-tcnative-classes-2.0.48.Final.jar:/home/ddalto/.m2/repository/io/netty/netty-handler-proxy/4.1.74.Final/netty-handler-proxy-4.1.74.Final.jar:/home/ddalto/.m2/repository/io/netty/netty-codec-socks/4.1.74.Final/netty-codec-socks-4.1.74.Final.jar:/home/ddalto/.m2/repository/io/netty/netty-codec-http/4.1.74.Final/netty-codec-http-4.1.74.Final.jar:/home/ddalto/.m2/repository/io/netty/netty-codec-http2/4.1.74.Final/netty-codec-http2-4.1.74.Final.jar:/home/ddalto/.m2/repository/io/netty/netty-resolver/4.1.74.Final/netty-resolver-4.1.74.Final.jar:/home/ddalto/.m2/repository/io/netty/netty-resolver-dns/4.1.74.Final/netty-resolver-dns-4.1.74.Final.jar:/home/ddalto/.m2/repository/io/netty/netty-codec-dns/4.1.74.Final/netty-codec-dns-4.1.74.Final.jar:/home/ddalto/.m2/repository/com/fasterxml/jackson/core/jackson-core/2.13.2/jackson-core-2.13.2.jar:/home/ddalto/.m2/repository/io/vertx/vertx-sql-client/4.2.7/vertx-sql-client-4.2.7.jar:/home/ddalto/.m2/repository/org/hibernate/reactive/hibernate-reactive-core/1.1.4.Final/hibernate-reactive-core-1.1.4.Final.jar:/home/ddalto/.m2/repository/org/hibernate/hibernate-core/5.6.7.Final/hibernate-core-5.6.7.Final.jar:/home/ddalto/.m2/repository/javax/persistence/javax.persistence-api/2.2/javax.persistence-api-2.2.jar:/home/ddalto/.m2/repository/net/bytebuddy/byte-buddy/1.12.8/byte-buddy-1.12.8.jar:/home/ddalto/.m2/repository/antlr/antlr/2.7.7/antlr-2.7.7.jar:/home/ddalto/.m2/repository/org/jboss/spec/javax/transaction/jboss-transaction-api_1.2_spec/1.1.1.Final/jboss-transaction-api_1.2_spec-1.1.1.Final.jar:/home/ddalto/.m2/repository/org/jboss/jandex/2.4.2.Final/jandex-2.4.2.Final.jar:/home/ddalto/.m2/repository/com/fasterxml/classmate/1.5.1/classmate-1.5.1.jar:/home/ddalto/.m2/repository/org/hibernate/common/hibernate-commons-annotations/5.1.2.Final/hibernate-commons-annotations-5.1.2.Final.jar:/home/ddalto/.m2/repository/javax/xml/bind/jaxb-api/2.3.1/jaxb-api-2.3.1.jar:/home/ddalto/.m2/repository/org/glassfish/jaxb/jaxb-runtime/2.3.1/jaxb-runtime-2.3.1.jar:/home/ddalto/.m2/repository/org/glassfish/jaxb/txw2/2.3.1/txw2-2.3.1.jar:/home/ddalto/.m2/repository/com/sun/istack/istack-commons-runtime/3.0.7/istack-commons-runtime-3.0.7.jar:/home/ddalto/.m2/repository/org/jvnet/staxex/stax-ex/1.8/stax-ex-1.8.jar:/home/ddalto/.m2/repository/com/sun/xml/fastinfoset/FastInfoset/1.2.15/FastInfoset-1.2.15.jar:/home/ddalto/.m2/repository/io/smallrye/reactive/mutiny/1.4.0/mutiny-1.4.0.jar:/home/ddalto/.m2/repository/io/smallrye/common/smallrye-common-annotation/1.10.0/smallrye-common-annotation-1.10.0.jar:/home/ddalto/.m2/repository/org/jboss/logging/jboss-logging/3.4.3.Final/jboss-logging-3.4.3.Final.jar:/home/ddalto/.m2/repository/io/projectreactor/reactor-core/3.4.17/reactor-core-3.4.17.jar:/home/ddalto/.m2/repository/org/reactivestreams/reactive-streams/1.0.3/reactive-streams-1.0.3.jar:/home/ddalto/.m2/repository/io/projectreactor/reactor-test/3.4.17/reactor-test-3.4.17.jar:/home/ddalto/.m2/repository/org/junit/jupiter/junit-jupiter/5.8.2/junit-jupiter-5.8.2.jar:/home/ddalto/.m2/repository/org/junit/jupiter/junit-jupiter-api/5.8.2/junit-jupiter-api-5.8.2.jar:/home/ddalto/.m2/repository/org/opentest4j/opentest4j/1.2.0/opentest4j-1.2.0.jar:/home/ddalto/.m2/repository/org/junit/platform/junit-platform-commons/1.8.2/junit-platform-commons-1.8.2.jar:/home/ddalto/.m2/repository/org/apiguardian/apiguardian-api/1.1.2/apiguardian-api-1.1.2.jar:/home/ddalto/.m2/repository/org/junit/jupiter/junit-jupiter-params/5.8.2/junit-jupiter-params-5.8.2.jar:/home/ddalto/.m2/repository/org/junit/jupiter/junit-jupiter-engine/5.8.2/junit-jupiter-engine-5.8.2.jar:/home/ddalto/.m2/repository/org/junit/platform/junit-platform-engine/1.8.2/junit-platform-engine-1.8.2.jar:"/>
    <property name="sun.cpu.endian" value="little"/>
    <property name="user.home" value="/home/ddalto"/>
    <property name="user.language" value="en"/>
    <property name="java.specification.vendor" value="Oracle Corporation"/>
    <property name="java.version.date" value="2022-01-18"/>
    <property name="java.home" value="/home/ddalto/.sdkman/candidates/java/17.0.2-tem"/>
    <property name="file.separator" value="/"/>
    <property name="basedir" value="/home/ddalto/workspace/hr-1276"/>
    <property name="java.vm.compressedOopsMode" value="Zero based"/>
    <property name="line.separator" value="&#10;"/>
    <property name="java.vm.specification.vendor" value="Oracle Corporation"/>
    <property name="java.specification.name" value="Java Platform API Specification"/>
    <property name="surefire.real.class.path" value="/home/ddalto/workspace/hr-1276/target/surefire/surefirebooter2782192502191332872.jar"/>
    <property name="sun.management.compiler" value="HotSpot 64-Bit Tiered Compilers"/>
    <property name="java.runtime.version" value="17.0.2+8"/>
    <property name="user.name" value="ddalto"/>
    <property name="path.separator" value=":"/>
    <property name="os.version" value="5.16.18-200.fc35.x86_64"/>
    <property name="java.runtime.name" value="OpenJDK Runtime Environment"/>
    <property name="file.encoding" value="UTF-8"/>
    <property name="java.vm.name" value="OpenJDK 64-Bit Server VM"/>
    <property name="java.vendor.version" value="Temurin-17.0.2+8"/>
    <property name="localRepository" value="/home/ddalto/.m2/repository"/>
    <property name="java.vendor.url.bug" value="https://github.com/adoptium/adoptium-support/issues"/>
    <property name="java.io.tmpdir" value="/tmp"/>
    <property name="java.version" value="17.0.2"/>
    <property name="user.dir" value="/home/ddalto/workspace/hr-1276"/>
    <property name="os.arch" value="amd64"/>
    <property name="java.vm.specification.name" value="Java Virtual Machine Specification"/>
    <property name="native.encoding" value="UTF-8"/>
    <property name="java.library.path" value="/usr/java/packages/lib:/usr/lib64:/lib64:/lib:/usr/lib"/>
    <property name="java.vm.info" value="mixed mode, sharing"/>
    <property name="java.vendor" value="Eclipse Adoptium"/>
    <property name="java.vm.version" value="17.0.2+8"/>
    <property name="sun.io.unicode.encoding" value="UnicodeLittle"/>
    <property name="java.class.version" value="61.0"/>
  </properties>
  <testcase name="test_p1" classname="VertxContextTest" time="0.175">
    <system-out><![CDATA[Starting database
]]></system-out>
    <system-err><![CDATA[SLF4J: Failed to load class "org.slf4j.impl.StaticLoggerBinder".
SLF4J: Defaulting to no-operation (NOP) logger implementation
SLF4J: See http://www.slf4j.org/codes.html#StaticLoggerBinder for further details.
May 05, 2022 6:48:03 PM org.hibernate.jpa.internal.util.LogHelper logPersistenceUnitInformation
INFO: HHH000204: Processing PersistenceUnitInfo [name: reactiveTest]
May 05, 2022 6:48:03 PM org.hibernate.Version logVersion
INFO: HHH000412: Hibernate ORM core version 5.6.7.Final
May 05, 2022 6:48:03 PM org.hibernate.annotations.common.reflection.java.JavaReflectionManager <clinit>
INFO: HCANN000001: Hibernate Commons Annotations {5.1.2.Final}
May 05, 2022 6:48:04 PM org.hibernate.dialect.Dialect <init>
INFO: HHH000400: Using dialect: org.hibernate.dialect.MySQL5Dialect
May 05, 2022 6:48:04 PM org.hibernate.reactive.provider.impl.ReactiveIntegrator attachEventContextManagingListenersIfRequired
INFO: HR000001: Hibernate Reactive
May 05, 2022 6:48:04 PM org.hibernate.reactive.pool.impl.DefaultSqlClientPool jdbcUrl
INFO: HR000011: SQL Client URL [jdbc:mysql://localhost:3306/test]
May 05, 2022 6:48:04 PM org.hibernate.reactive.vertx.impl.DefaultVertxInstance start
INFO: HR000002: Vert.x not detected, creating a new instance
May 05, 2022 6:48:04 PM org.hibernate.reactive.pool.impl.DefaultSqlClientPoolConfiguration poolOptions
INFO: HR000025: Connection pool size: 10
]]></system-err>
  </testcase>
  <testcase name="test_p2" classname="VertxContextTest" time="0.008"/>
  <testcase name="test_p3" classname="VertxContextTest" time="0.006"/>
  <testcase name="test" classname="VertxContextTest" time="0.115"/>
  <testcase name="test2" classname="VertxContextTest" time="0.01"/>
  <testcase name="test3" classname="VertxContextTest" time="0.01"/>
</testsuite>